{
  "stats": {
    "suites": 1,
    "tests": 1,
    "passes": 1,
    "pending": 0,
    "failures": 0,
    "start": "2022-06-16T15:57:54.250Z",
    "end": "2022-06-16T15:58:10.629Z",
    "duration": 16379,
    "testsRegistered": 1,
    "passPercent": 100,
    "pendingPercent": 0,
    "other": 0,
    "hasOther": false,
    "skipped": 0,
    "hasSkipped": false
  },
  "results": [
    {
      "uuid": "59000dbb-3e28-4b64-8e99-34772f80d1e2",
      "title": "",
      "fullFile": "cypress/integration/My_first_test.spec.js",
      "file": "cypress/integration/My_first_test.spec.js",
      "beforeHooks": [],
      "afterHooks": [],
      "tests": [],
      "suites": [
        {
          "uuid": "675f51c9-0a64-4ffd-a809-2ac9253d50cd",
          "title": "First Test <home>",
          "fullFile": "",
          "file": "",
          "beforeHooks": [],
          "afterHooks": [],
          "tests": [
            {
              "title": "google test",
              "fullTitle": "First Test <home> google test",
              "timedOut": null,
              "duration": 14101,
              "state": "passed",
              "speed": "slow",
              "pass": true,
              "fail": false,
              "pending": false,
              "context": null,
              "code": "cy.visit(\"https://google.com\");\ncy.get('.gLFyf').type('Automation Step by Step{enter}');\ncy.wait(6000);\ncy.contains('Video').click();",
              "err": {},
              "uuid": "9008fff7-2b83-46bf-ab29-cf7924835ac4",
              "parentUUID": "675f51c9-0a64-4ffd-a809-2ac9253d50cd",
              "isHook": false,
              "skipped": false
            }
          ],
          "suites": [],
          "passes": [
            "9008fff7-2b83-46bf-ab29-cf7924835ac4"
          ],
          "failures": [],
          "pending": [],
          "skipped": [],
          "duration": 14101,
          "root": false,
          "rootEmpty": false,
          "_timeout": 2000
        }
      ],
      "passes": [],
      "failures": [],
      "pending": [],
      "skipped": [],
      "duration": 0,
      "root": true,
      "rootEmpty": true,
      "_timeout": 2000
    }
  ],
  "meta": {
    "mocha": {
      "version": "7.0.1"
    },
    "mochawesome": {
      "options": {
        "quiet": false,
        "reportFilename": "mochawesome",
        "saveHtml": false,
        "saveJson": true,
        "consoleReporter": "spec",
        "useInlineDiffs": false,
        "code": true
      },
      "version": "7.1.3"
    },
    "marge": {
      "options": {
        "charts": true,
        "overwrite": false,
        "html": false,
        "json": true,
        "reportDir": "cypress/report"
      },
      "version": "6.2.0"
    }
  }
}