{
  "stats": {
    "suites": 1,
    "tests": 1,
    "passes": 0,
    "pending": 0,
    "failures": 1,
    "start": "2022-06-16T15:58:23.751Z",
    "end": "2022-06-16T15:58:24.169Z",
    "duration": 418,
    "testsRegistered": 1,
    "passPercent": 0,
    "pendingPercent": 0,
    "other": 0,
    "hasOther": false,
    "skipped": 0,
    "hasSkipped": false
  },
  "results": [
    {
      "uuid": "41573338-9d52-4328-9602-9dcfedf5f8b9",
      "title": "",
      "fullFile": "cypress/integration/My_second_test.spec.js",
      "file": "cypress/integration/My_second_test.spec.js",
      "beforeHooks": [],
      "afterHooks": [],
      "tests": [],
      "suites": [
        {
          "uuid": "138274c9-052b-4c25-87a7-4e0c558af85f",
          "title": "Second Test <smoke>",
          "fullFile": "",
          "file": "",
          "beforeHooks": [],
          "afterHooks": [],
          "tests": [
            {
              "title": "google test <smoke>",
              "fullTitle": "Second Test <smoke> google test <smoke>",
              "timedOut": null,
              "duration": 379,
              "state": "failed",
              "speed": null,
              "pass": false,
              "fail": true,
              "pending": false,
              "context": null,
              "code": "cy.visit(\"https://example.cypress.io\");\ncy.contains('get').click();\ncy.get('#query-btn', {\n  timeout: 6000\n}).should('contain', 'Button').should('have.class', 'query-btn').should('be.visible').should('be.enabled');\ncy.get('#query-btn').invoke('attr', 'id').should('equal', 'query-btn');\ncy.get('#query-btn').should('contain', 'Button').and('have.class', 'query-btn'); //Explicit Assertions\nexpect(true).to.be.true;\nvar name = 'test1';\nexpect(name).to.be.equal('test');\nassert.equal(4, 4, 'Not equal');\nassert.strictEqual(4, '4', 'Not equal');",
              "err": {
                "message": "AssertionError: expected 'test1' to equal 'test'",
                "estack": "AssertionError: expected 'test1' to equal 'test'\n    at Context.eval (http://localhost:65367/__cypress/tests?p=cypress\\integration\\My_second_test.spec.js:113:24)",
                "diff": "- 'test1'\n+ 'test'\n"
              },
              "uuid": "5aa979fd-a730-4f19-81a8-c502ecdd82c1",
              "parentUUID": "138274c9-052b-4c25-87a7-4e0c558af85f",
              "isHook": false,
              "skipped": false
            }
          ],
          "suites": [],
          "passes": [],
          "failures": [
            "5aa979fd-a730-4f19-81a8-c502ecdd82c1"
          ],
          "pending": [],
          "skipped": [],
          "duration": 379,
          "root": false,
          "rootEmpty": false,
          "_timeout": 2000
        }
      ],
      "passes": [],
      "failures": [],
      "pending": [],
      "skipped": [],
      "duration": 0,
      "root": true,
      "rootEmpty": true,
      "_timeout": 2000
    }
  ],
  "meta": {
    "mocha": {
      "version": "7.0.1"
    },
    "mochawesome": {
      "options": {
        "quiet": false,
        "reportFilename": "mochawesome",
        "saveHtml": false,
        "saveJson": true,
        "consoleReporter": "spec",
        "useInlineDiffs": false,
        "code": true
      },
      "version": "7.1.3"
    },
    "marge": {
      "options": {
        "charts": true,
        "overwrite": false,
        "html": false,
        "json": true,
        "reportDir": "cypress/report"
      },
      "version": "6.2.0"
    }
  }
}