{
  "stats": {
    "suites": 0,
    "tests": 1,
    "passes": 1,
    "pending": 0,
    "failures": 0,
    "start": "2022-06-16T10:55:45.417Z",
    "end": "2022-06-16T10:55:49.810Z",
    "duration": 4393,
    "testsRegistered": 1,
    "passPercent": 100,
    "pendingPercent": 0,
    "other": 0,
    "hasOther": false,
    "skipped": 0,
    "hasSkipped": false
  },
  "results": [
    {
      "uuid": "d50fe1e1-0e84-430d-93de-70c6e098b53b",
      "title": "",
      "fullFile": "cypress/integration/login.spec.js",
      "file": "cypress/integration/login.spec.js",
      "beforeHooks": [],
      "afterHooks": [],
      "tests": [
        {
          "title": "login test",
          "fullTitle": "login test",
          "timedOut": null,
          "duration": 1530,
          "state": "passed",
          "speed": "fast",
          "pass": true,
          "fail": false,
          "pending": false,
          "context": null,
          "code": "loginPage.navigate('https://trytestingthis.netlify.app/');\nloginPage.enterUsername('test');\nloginPage.enterPassword('test');\nloginPage.clickLogin();",
          "err": {},
          "uuid": "3e0691a0-b7ab-463c-b405-26a395c6d4ed",
          "parentUUID": "d50fe1e1-0e84-430d-93de-70c6e098b53b",
          "isHook": false,
          "skipped": false
        }
      ],
      "suites": [],
      "passes": [
        "3e0691a0-b7ab-463c-b405-26a395c6d4ed"
      ],
      "failures": [],
      "pending": [],
      "skipped": [],
      "duration": 1530,
      "root": true,
      "rootEmpty": false,
      "_timeout": 2000
    }
  ],
  "meta": {
    "mocha": {
      "version": "7.0.1"
    },
    "mochawesome": {
      "options": {
        "quiet": false,
        "reportFilename": "mochawesome",
        "saveHtml": false,
        "saveJson": true,
        "consoleReporter": "spec",
        "useInlineDiffs": false,
        "code": true
      },
      "version": "7.1.3"
    },
    "marge": {
      "options": {
        "charts": true,
        "overwrite": false,
        "html": false,
        "json": true,
        "reportDir": "cypress/report"
      },
      "version": "6.2.0"
    }
  }
}