{
  "stats": {
    "suites": 0,
    "tests": 1,
    "passes": 0,
    "pending": 0,
    "failures": 1,
    "start": "2022-06-16T15:57:41.481Z",
    "end": "2022-06-16T15:57:42.268Z",
    "duration": 787,
    "testsRegistered": 1,
    "passPercent": 0,
    "pendingPercent": 0,
    "other": 0,
    "hasOther": false,
    "skipped": 0,
    "hasSkipped": false
  },
  "results": [
    {
      "uuid": "4725be58-8c97-4bc3-bd49-ea10b9ac2a76",
      "title": "",
      "fullFile": "cypress/integration/AppAction.js",
      "file": "cypress/integration/AppAction.js",
      "beforeHooks": [],
      "afterHooks": [],
      "tests": [
        {
          "title": "Login app action",
          "fullTitle": "Login app action",
          "timedOut": null,
          "duration": 741,
          "state": "failed",
          "speed": null,
          "pass": false,
          "fail": true,
          "pending": false,
          "context": null,
          "code": "cy.visit('http://localhost:3000/');\ncy.window().then(({\n  app\n}) => {\n  app.loggedIn.active = true;\n});",
          "err": {
            "message": "CypressError: `cy.visit()` failed trying to load:\n\nhttp://localhost:3000/\n\nWe attempted to make an http request to this URL but the request failed without a response.\n\nWe received this error at the network level:\n\n  > Error: connect ECONNREFUSED 127.0.0.1:3000\n\nCommon situations why this would fail:\n  - you don't have internet access\n  - you forgot to run / boot your web server\n  - your web server isn't accessible\n  - you have weird network configuration settings on your computer",
            "estack": "CypressError: `cy.visit()` failed trying to load:\n\nhttp://localhost:3000/\n\nWe attempted to make an http request to this URL but the request failed without a response.\n\nWe received this error at the network level:\n\n  > Error: connect ECONNREFUSED 127.0.0.1:3000\n\nCommon situations why this would fail:\n  - you don't have internet access\n  - you forgot to run / boot your web server\n  - your web server isn't accessible\n  - you have weird network configuration settings on your computer\n    at http://localhost:65367/__cypress/runner/cypress_runner.js:156078:82\n    at visitFailedByErr (http://localhost:65367/__cypress/runner/cypress_runner.js:155437:12)\n    at http://localhost:65367/__cypress/runner/cypress_runner.js:156077:11\n    at tryCatcher (http://localhost:65367/__cypress/runner/cypress_runner.js:13212:23)\n    at Promise._settlePromiseFromHandler (http://localhost:65367/__cypress/runner/cypress_runner.js:11147:31)\n    at Promise._settlePromise (http://localhost:65367/__cypress/runner/cypress_runner.js:11204:18)\n    at Promise._settlePromise0 (http://localhost:65367/__cypress/runner/cypress_runner.js:11249:10)\n    at Promise._settlePromises (http://localhost:65367/__cypress/runner/cypress_runner.js:11325:18)\n    at _drainQueueStep (http://localhost:65367/__cypress/runner/cypress_runner.js:7919:12)\n    at _drainQueue (http://localhost:65367/__cypress/runner/cypress_runner.js:7912:9)\n    at Async.../../node_modules/bluebird/js/release/async.js.Async._drainQueues (http://localhost:65367/__cypress/runner/cypress_runner.js:7928:5)\n    at Async.drainQueues (http://localhost:65367/__cypress/runner/cypress_runner.js:7798:14)\nFrom Your Spec Code:\n    at Context.eval (http://localhost:65367/__cypress/tests?p=cypress\\integration\\AppAction.js:100:6)\n\nFrom Node.js Internals:\n  Error: connect ECONNREFUSED 127.0.0.1:3000\n      at TCPConnectWrap.afterConnect [as oncomplete] (net.js:1146:16)\n  ",
            "diff": null
          },
          "uuid": "bd757e61-0d4f-4b87-99be-5d54b5f7e68a",
          "parentUUID": "4725be58-8c97-4bc3-bd49-ea10b9ac2a76",
          "isHook": false,
          "skipped": false
        }
      ],
      "suites": [],
      "passes": [],
      "failures": [
        "bd757e61-0d4f-4b87-99be-5d54b5f7e68a"
      ],
      "pending": [],
      "skipped": [],
      "duration": 741,
      "root": true,
      "rootEmpty": false,
      "_timeout": 2000
    }
  ],
  "meta": {
    "mocha": {
      "version": "7.0.1"
    },
    "mochawesome": {
      "options": {
        "quiet": false,
        "reportFilename": "mochawesome",
        "saveHtml": false,
        "saveJson": true,
        "consoleReporter": "spec",
        "useInlineDiffs": false,
        "code": true
      },
      "version": "7.1.3"
    },
    "marge": {
      "options": {
        "charts": true,
        "overwrite": false,
        "html": false,
        "json": true,
        "reportDir": "cypress/report"
      },
      "version": "6.2.0"
    }
  }
}